<?xml version="1.0" encoding="UTF-8"?>
<!-- Generated by org.testng.reporters.JUnitXMLReporter -->
<testsuite hostname="NDI-MB-046" ignored="0" name="Test" tests="2" failures="1" timestamp="13 Apr 2019 06:55:42 GMT" time="7.86" errors="0">
  <testcase name="feature" time="5.038" classname="testRunners.TestRunner"/>
  <testcase name="feature" time="2.196" classname="testRunners.TestRunner">
    <failure type="java.lang.AssertionError" message="expected [200] but found [401]">
      <![CDATA[java.lang.AssertionError: expected [200] but found [401]
at stepDefinations.CreateCustomerAPISteps.i_should_get_as_the_response_status_code(CreateCustomerAPISteps.java:142)
at ✽.I should get 200 as the response status code(./src/test/resources/featureFiles/ValidateCreateCustomerAPI.feature:23)
... Removed 6 stack frames]]>
    </failure>
  </testcase> <!-- feature -->
</testsuite> <!-- Test -->
